[debug] [2021-01-20T17:53:53.326Z] ----------------------------------------------------------------------
[debug] [2021-01-20T17:53:53.328Z] Command:       /Users/faraz.ahmad/.nvm/versions/node/v10.15.3/bin/node /Users/faraz.ahmad/Workspace/retro/web/node_modules/.bin/firebase emulators:start
[debug] [2021-01-20T17:53:53.328Z] CLI Version:   9.1.2
[debug] [2021-01-20T17:53:53.329Z] Platform:      darwin
[debug] [2021-01-20T17:53:53.329Z] Node Version:  v10.15.3
[debug] [2021-01-20T17:53:53.329Z] Time:          Wed Jan 20 2021 12:53:53 GMT-0500 (Eastern Standard Time)
[debug] [2021-01-20T17:53:53.329Z] ----------------------------------------------------------------------
[debug] [2021-01-20T17:53:53.329Z] 
[debug] [2021-01-20T17:53:53.337Z] > command requires scopes: ["email","openid","https://www.googleapis.com/auth/cloudplatformprojects.readonly","https://www.googleapis.com/auth/firebase","https://www.googleapis.com/auth/cloud-platform"]
[debug] [2021-01-20T17:53:53.338Z] > authorizing via signed-in user
[info] i  emulators: Starting emulators: auth, functions, firestore, hosting {"metadata":{"emulator":{"name":"hub"},"message":"Starting emulators: auth, functions, firestore, hosting"}}
[debug] [2021-01-20T17:53:53.353Z] [hub] writing locator at /var/folders/vs/rsg2s8wx1vzb3gxrh1_v1c1w0000gn/T/hub-retro-dev-786.json
[warn] ⚠  functions: The following emulators are not running, calls to these services from the Functions emulator will affect production: database, pubsub {"metadata":{"emulator":{"name":"functions"},"message":"The following emulators are not running, calls to these services from the Functions emulator will affect production: \u001b[1mdatabase, pubsub\u001b[22m"}}
[info] ✔  functions: Using node@10 from host. {"metadata":{"emulator":{"name":"functions"},"message":"Using node@10 from host."}}
[debug] [2021-01-20T17:53:53.369Z] defaultcredentials: writing to file /Users/faraz.ahmad/.config/firebase/faraz_retro_app_application_default_credentials.json
[debug] [2021-01-20T17:53:53.371Z] Setting GAC to /Users/faraz.ahmad/.config/firebase/faraz_retro_app_application_default_credentials.json {"metadata":{"emulator":{"name":"functions"},"message":"Setting GAC to /Users/faraz.ahmad/.config/firebase/faraz_retro_app_application_default_credentials.json"}}
[debug] [2021-01-20T17:53:53.374Z] >>> [apiv2][query] GET https://firebase.googleapis.com/v1beta1/projects/retro-dev-786/adminSdkConfig [none]
[debug] [2021-01-20T17:53:53.701Z] <<< [apiv2][status] GET https://firebase.googleapis.com/v1beta1/projects/retro-dev-786/adminSdkConfig 200
[debug] [2021-01-20T17:53:53.701Z] <<< [apiv2][body] GET https://firebase.googleapis.com/v1beta1/projects/retro-dev-786/adminSdkConfig {"projectId":"retro-dev-786","databaseURL":"https://retro-dev-786.firebaseio.com","storageBucket":"retro-dev-786.appspot.com","locationId":"us-east1"}
[warn] ⚠  firestore: Did not find a Cloud Firestore rules file specified in a firebase.json config file. {"metadata":{"emulator":{"name":"firestore"},"message":"Did not find a Cloud Firestore rules file specified in a firebase.json config file."}}
[warn] ⚠  firestore: The emulator will default to allowing all reads and writes. Learn more about this option: https://firebase.google.com/docs/emulator-suite/install_and_configure#security_rules_configuration. {"metadata":{"emulator":{"name":"firestore"},"message":"The emulator will default to allowing all reads and writes. Learn more about this option: https://firebase.google.com/docs/emulator-suite/install_and_configure#security_rules_configuration."}}
[debug] [2021-01-20T17:53:53.977Z] Ignoring unsupported arg: projectId {"metadata":{"emulator":{"name":"firestore"},"message":"Ignoring unsupported arg: projectId"}}
[debug] [2021-01-20T17:53:53.977Z] Ignoring unsupported arg: auto_download {"metadata":{"emulator":{"name":"firestore"},"message":"Ignoring unsupported arg: auto_download"}}
[debug] [2021-01-20T17:53:53.978Z] Starting Firestore Emulator with command {"binary":"java","args":["-Dgoogle.cloud_firestore.debug_log_level=FINE","-Duser.language=en","-jar","/Users/faraz.ahmad/.cache/firebase/emulators/cloud-firestore-emulator-v1.11.11.jar","--host","localhost","--port",8080,"--functions_emulator","localhost:5001"],"optionalArgs":["port","webchannel_port","host","rules","functions_emulator","seed_from_export"],"joinArgs":false} {"metadata":{"emulator":{"name":"firestore"},"message":"Starting Firestore Emulator with command {\"binary\":\"java\",\"args\":[\"-Dgoogle.cloud_firestore.debug_log_level=FINE\",\"-Duser.language=en\",\"-jar\",\"/Users/faraz.ahmad/.cache/firebase/emulators/cloud-firestore-emulator-v1.11.11.jar\",\"--host\",\"localhost\",\"--port\",8080,\"--functions_emulator\",\"localhost:5001\"],\"optionalArgs\":[\"port\",\"webchannel_port\",\"host\",\"rules\",\"functions_emulator\",\"seed_from_export\"],\"joinArgs\":false}"}}
[info] i  firestore: Firestore Emulator logging to firestore-debug.log {"metadata":{"emulator":{"name":"firestore"},"message":"Firestore Emulator logging to \u001b[1mfirestore-debug.log\u001b[22m"}}
[debug] [2021-01-20T17:53:54.978Z] API endpoint: http:// {"metadata":{"emulator":{"name":"firestore"},"message":"API endpoint: http://"}}
[debug] [2021-01-20T17:53:54.979Z] localhost:8080
If you are using a library that supports the FIRESTORE_EMULATOR_HOST environment variable, run:

   export FIRESTORE_EMULATOR_HOST=localhost:8080

Dev App Server is now running.

 {"metadata":{"emulator":{"name":"firestore"},"message":"localhost:8080\nIf you are using a library that supports the FIRESTORE_EMULATOR_HOST environment variable, run:\n\n   export FIRESTORE_EMULATOR_HOST=localhost:8080\n\nDev App Server is now running.\n\n"}}
[debug] [2021-01-20T17:53:57.012Z] > refreshing access token with scopes: ["email","https://www.googleapis.com/auth/cloud-platform","https://www.googleapis.com/auth/cloudplatformprojects.readonly","https://www.googleapis.com/auth/firebase","openid"]
[debug] [2021-01-20T17:53:57.012Z] >>> HTTP REQUEST POST https://www.googleapis.com/oauth2/v3/token  
 <request body omitted>
[debug] [2021-01-20T17:53:57.123Z] <<< HTTP RESPONSE 200 {"cache-control":"no-cache, no-store, max-age=0, must-revalidate","expires":"Mon, 01 Jan 1990 00:00:00 GMT","pragma":"no-cache","date":"Wed, 20 Jan 2021 17:53:57 GMT","content-type":"application/json; charset=utf-8","vary":"X-Origin, Referer, Origin,Accept-Encoding","server":"scaffolding on HTTPServer2","x-xss-protection":"0","x-frame-options":"SAMEORIGIN","x-content-type-options":"nosniff","alt-svc":"h3-29=\":443\"; ma=2592000,h3-T051=\":443\"; ma=2592000,h3-Q050=\":443\"; ma=2592000,h3-Q046=\":443\"; ma=2592000,h3-Q043=\":443\"; ma=2592000,quic=\":443\"; ma=2592000; v=\"46,43\"","accept-ranges":"none","transfer-encoding":"chunked"}
[debug] [2021-01-20T17:53:57.139Z] >>> HTTP REQUEST GET https://firebase.googleapis.com/v1beta1/projects/retro-dev-786/webApps/-/config  
 
[debug] [2021-01-20T17:53:57.676Z] <<< HTTP RESPONSE 200 {"content-type":"application/json; charset=UTF-8","vary":"X-Origin, Referer, Origin,Accept-Encoding","date":"Wed, 20 Jan 2021 17:53:57 GMT","server":"ESF","cache-control":"private","x-xss-protection":"0","x-frame-options":"SAMEORIGIN","x-content-type-options":"nosniff","alt-svc":"h3-29=\":443\"; ma=2592000,h3-T051=\":443\"; ma=2592000,h3-Q050=\":443\"; ma=2592000,h3-Q046=\":443\"; ma=2592000,h3-Q043=\":443\"; ma=2592000,quic=\":443\"; ma=2592000; v=\"46,43\"","accept-ranges":"none","transfer-encoding":"chunked"}
[info] i  hosting: Serving hosting files from: build {"metadata":{"emulator":{"name":"hosting"},"message":"Serving hosting files from: \u001b[1mbuild\u001b[22m"}}
[info] ✔  hosting: Local server: http://localhost:5000 {"metadata":{"emulator":{"name":"hosting"},"message":"Local server: \u001b[4m\u001b[1mhttp://localhost:5000\u001b[22m\u001b[24m"}}
[debug] [2021-01-20T17:53:57.974Z] Ignoring unsupported arg: auto_download {"metadata":{"emulator":{"name":"ui"},"message":"Ignoring unsupported arg: auto_download"}}
[debug] [2021-01-20T17:53:57.974Z] Ignoring unsupported arg: port {"metadata":{"emulator":{"name":"ui"},"message":"Ignoring unsupported arg: port"}}
[debug] [2021-01-20T17:53:57.974Z] Starting Emulator UI with command {"binary":"node","args":["/Users/faraz.ahmad/.cache/firebase/emulators/ui-v1.4.1/server.bundle.js"],"optionalArgs":[],"joinArgs":false} {"metadata":{"emulator":{"name":"ui"},"message":"Starting Emulator UI with command {\"binary\":\"node\",\"args\":[\"/Users/faraz.ahmad/.cache/firebase/emulators/ui-v1.4.1/server.bundle.js\"],\"optionalArgs\":[],\"joinArgs\":false}"}}
[info] i  ui: Emulator UI logging to ui-debug.log {"metadata":{"emulator":{"name":"ui"},"message":"Emulator UI logging to \u001b[1mui-debug.log\u001b[22m"}}
[debug] [2021-01-20T17:53:58.133Z] Web / API server started at http://localhost:4000
 {"metadata":{"emulator":{"name":"ui"},"message":"Web / API server started at http://localhost:4000\n"}}
[info] i  functions: Watching "/Users/faraz.ahmad/Workspace/retro/web/functions" for Cloud Functions... {"metadata":{"emulator":{"name":"functions"},"message":"Watching \"/Users/faraz.ahmad/Workspace/retro/web/functions\" for Cloud Functions..."}}
[debug] [2021-01-20T17:53:58.242Z] [worker-pool] addWorker(~diagnostic~) {"metadata":{"emulator":{"name":"functions"},"message":"[worker-pool] addWorker(~diagnostic~)"}}
[debug] [2021-01-20T17:53:58.242Z] [worker-pool] Adding worker with key ~diagnostic~, total=1 {"metadata":{"emulator":{"name":"functions"},"message":"[worker-pool] Adding worker with key ~diagnostic~, total=1"}}
[debug] [2021-01-20T17:53:58.242Z] [worker-pool] submitWork(triggerId=) {"metadata":{"emulator":{"name":"functions"},"message":"[worker-pool] submitWork(triggerId=)"}}
[debug] [2021-01-20T17:53:58.243Z] [worker-~diagnostic~-321077f9-fa4a-4022-9264-4641be05eef9]: Assigning socketPath: /var/folders/vs/rsg2s8wx1vzb3gxrh1_v1c1w0000gn/T/fire_emu_38343.sock {"metadata":{"emulator":{"name":"functions"},"message":"[worker-~diagnostic~-321077f9-fa4a-4022-9264-4641be05eef9]: Assigning socketPath: /var/folders/vs/rsg2s8wx1vzb3gxrh1_v1c1w0000gn/T/fire_emu_38343.sock"}}
[debug] [2021-01-20T17:53:58.243Z] [worker-~diagnostic~-321077f9-fa4a-4022-9264-4641be05eef9]: BUSY {"metadata":{"emulator":{"name":"functions"},"message":"[worker-~diagnostic~-321077f9-fa4a-4022-9264-4641be05eef9]: BUSY"}}
[debug] [2021-01-20T17:53:58.452Z] [runtime-status] [38343] Functions runtime initialized. {"cwd":"/Users/faraz.ahmad/Workspace/retro/web/functions","node_version":"10.15.3"} {"metadata":{"emulator":{"name":"functions"},"message":"[runtime-status] [38343] Functions runtime initialized. {\"cwd\":\"/Users/faraz.ahmad/Workspace/retro/web/functions\",\"node_version\":\"10.15.3\"}"}}
[debug] [2021-01-20T17:53:58.454Z] [runtime-status] [38343] Disabled runtime features: undefined {"metadata":{"emulator":{"name":"functions"},"message":"[runtime-status] [38343] Disabled runtime features: undefined"}}
[debug] [2021-01-20T17:53:58.459Z] [runtime-status] [38343] Resolved module firebase-admin {"declared":true,"installed":true,"version":"8.12.1","resolution":"/Users/faraz.ahmad/Workspace/retro/web/functions/node_modules/firebase-admin/lib/index.js"} {"metadata":{"emulator":{"name":"functions"},"message":"[runtime-status] [38343] Resolved module firebase-admin {\"declared\":true,\"installed\":true,\"version\":\"8.12.1\",\"resolution\":\"/Users/faraz.ahmad/Workspace/retro/web/functions/node_modules/firebase-admin/lib/index.js\"}"}}
[debug] [2021-01-20T17:53:58.464Z] [runtime-status] [38343] Resolved module firebase-functions {"declared":true,"installed":true,"version":"3.6.1","resolution":"/Users/faraz.ahmad/Workspace/retro/web/functions/node_modules/firebase-functions/lib/index.js"} {"metadata":{"emulator":{"name":"functions"},"message":"[runtime-status] [38343] Resolved module firebase-functions {\"declared\":true,\"installed\":true,\"version\":\"3.6.1\",\"resolution\":\"/Users/faraz.ahmad/Workspace/retro/web/functions/node_modules/firebase-functions/lib/index.js\"}"}}
[debug] [2021-01-20T17:53:58.465Z] [runtime-status] [38343] Found local functions config: /Users/faraz.ahmad/Workspace/retro/web/functions/.runtimeconfig.json {"metadata":{"emulator":{"name":"functions"},"message":"[runtime-status] [38343] Found local functions config: /Users/faraz.ahmad/Workspace/retro/web/functions/.runtimeconfig.json"}}
[debug] [2021-01-20T17:53:58.465Z] [runtime-status] [38343] Resolved module firebase-functions {"declared":true,"installed":true,"version":"3.6.1","resolution":"/Users/faraz.ahmad/Workspace/retro/web/functions/node_modules/firebase-functions/lib/index.js"} {"metadata":{"emulator":{"name":"functions"},"message":"[runtime-status] [38343] Resolved module firebase-functions {\"declared\":true,\"installed\":true,\"version\":\"3.6.1\",\"resolution\":\"/Users/faraz.ahmad/Workspace/retro/web/functions/node_modules/firebase-functions/lib/index.js\"}"}}
[debug] [2021-01-20T17:53:58.469Z] [runtime-status] [38343] Outgoing network have been stubbed. [{"name":"http","status":"mocked"},{"name":"http","status":"mocked"},{"name":"https","status":"mocked"},{"name":"https","status":"mocked"},{"name":"net","status":"mocked"}] {"metadata":{"emulator":{"name":"functions"},"message":"[runtime-status] [38343] Outgoing network have been stubbed. [{\"name\":\"http\",\"status\":\"mocked\"},{\"name\":\"http\",\"status\":\"mocked\"},{\"name\":\"https\",\"status\":\"mocked\"},{\"name\":\"https\",\"status\":\"mocked\"},{\"name\":\"net\",\"status\":\"mocked\"}]"}}
[debug] [2021-01-20T17:53:58.470Z] [runtime-status] [38343] Resolved module firebase-functions {"declared":true,"installed":true,"version":"3.6.1","resolution":"/Users/faraz.ahmad/Workspace/retro/web/functions/node_modules/firebase-functions/lib/index.js"} {"metadata":{"emulator":{"name":"functions"},"message":"[runtime-status] [38343] Resolved module firebase-functions {\"declared\":true,\"installed\":true,\"version\":\"3.6.1\",\"resolution\":\"/Users/faraz.ahmad/Workspace/retro/web/functions/node_modules/firebase-functions/lib/index.js\"}"}}
[debug] [2021-01-20T17:53:58.533Z] [runtime-status] [38343] Checked functions.config() {"config":{"slack":{"token":"xoxb-690263100278-1157801703668-QEwoajCEDZilPsFAGgki3Xq5","signing_secret":"1185a2acbb70413af39c05b89a6db845"},"mailjet":{"api_secret":"871e2b96ca32f0bd46de2a97a61ba5ec","api_key":"f05532a58041b663de48fdbe4530a3c7"},"stripe":{"publishable_key":"pk_test_lPNG9jlGAct0aJeMz6b6z5YC00jLbPlbtl","secret_key":"sk_test_Q7ourLqUKqImwSyc7fjs7u6u00cYcmsexn"},"airtable":{"api_key":"keyks0Sagf88yWHRT"}}} {"metadata":{"emulator":{"name":"functions"},"message":"[runtime-status] [38343] Checked functions.config() {\"config\":{\"slack\":{\"token\":\"xoxb-690263100278-1157801703668-QEwoajCEDZilPsFAGgki3Xq5\",\"signing_secret\":\"1185a2acbb70413af39c05b89a6db845\"},\"mailjet\":{\"api_secret\":\"871e2b96ca32f0bd46de2a97a61ba5ec\",\"api_key\":\"f05532a58041b663de48fdbe4530a3c7\"},\"stripe\":{\"publishable_key\":\"pk_test_lPNG9jlGAct0aJeMz6b6z5YC00jLbPlbtl\",\"secret_key\":\"sk_test_Q7ourLqUKqImwSyc7fjs7u6u00cYcmsexn\"},\"airtable\":{\"api_key\":\"keyks0Sagf88yWHRT\"}}}"}}
[debug] [2021-01-20T17:53:58.533Z] [runtime-status] [38343] firebase-functions has been stubbed. {"functionsResolution":{"declared":true,"installed":true,"version":"3.6.1","resolution":"/Users/faraz.ahmad/Workspace/retro/web/functions/node_modules/firebase-functions/lib/index.js"}} {"metadata":{"emulator":{"name":"functions"},"message":"[runtime-status] [38343] firebase-functions has been stubbed. {\"functionsResolution\":{\"declared\":true,\"installed\":true,\"version\":\"3.6.1\",\"resolution\":\"/Users/faraz.ahmad/Workspace/retro/web/functions/node_modules/firebase-functions/lib/index.js\"}}"}}
[debug] [2021-01-20T17:53:58.534Z] [runtime-status] [38343] Resolved module firebase-functions {"declared":true,"installed":true,"version":"3.6.1","resolution":"/Users/faraz.ahmad/Workspace/retro/web/functions/node_modules/firebase-functions/lib/index.js"} {"metadata":{"emulator":{"name":"functions"},"message":"[runtime-status] [38343] Resolved module firebase-functions {\"declared\":true,\"installed\":true,\"version\":\"3.6.1\",\"resolution\":\"/Users/faraz.ahmad/Workspace/retro/web/functions/node_modules/firebase-functions/lib/index.js\"}"}}
[debug] [2021-01-20T17:53:58.534Z] [runtime-status] [38343] Resolved module firebase-admin {"declared":true,"installed":true,"version":"8.12.1","resolution":"/Users/faraz.ahmad/Workspace/retro/web/functions/node_modules/firebase-admin/lib/index.js"} {"metadata":{"emulator":{"name":"functions"},"message":"[runtime-status] [38343] Resolved module firebase-admin {\"declared\":true,\"installed\":true,\"version\":\"8.12.1\",\"resolution\":\"/Users/faraz.ahmad/Workspace/retro/web/functions/node_modules/firebase-admin/lib/index.js\"}"}}
[debug] [2021-01-20T17:53:58.535Z] [runtime-status] [38343] Resolved module firebase-functions {"declared":true,"installed":true,"version":"3.6.1","resolution":"/Users/faraz.ahmad/Workspace/retro/web/functions/node_modules/firebase-functions/lib/index.js"} {"metadata":{"emulator":{"name":"functions"},"message":"[runtime-status] [38343] Resolved module firebase-functions {\"declared\":true,\"installed\":true,\"version\":\"3.6.1\",\"resolution\":\"/Users/faraz.ahmad/Workspace/retro/web/functions/node_modules/firebase-functions/lib/index.js\"}"}}
[debug] [2021-01-20T17:53:58.535Z] [runtime-status] [38343] firebase-admin has been stubbed. {"adminResolution":{"declared":true,"installed":true,"version":"8.12.1","resolution":"/Users/faraz.ahmad/Workspace/retro/web/functions/node_modules/firebase-admin/lib/index.js"}} {"metadata":{"emulator":{"name":"functions"},"message":"[runtime-status] [38343] firebase-admin has been stubbed. {\"adminResolution\":{\"declared\":true,\"installed\":true,\"version\":\"8.12.1\",\"resolution\":\"/Users/faraz.ahmad/Workspace/retro/web/functions/node_modules/firebase-admin/lib/index.js\"}}"}}
[debug] [2021-01-20T17:53:58.537Z] [runtime-status] [38343] initializeApp(DEFAULT) {"storageBucket":"retro-dev-786.appspot.com","databaseURL":"https://retro-dev-786.firebaseio.com","projectId":"retro-dev-786"} {"metadata":{"emulator":{"name":"functions"},"message":"[runtime-status] [38343] initializeApp(DEFAULT) {\"storageBucket\":\"retro-dev-786.appspot.com\",\"databaseURL\":\"https://retro-dev-786.firebaseio.com\",\"projectId\":\"retro-dev-786\"}"}}
[warn] ⚠  functions: The Firebase Authentication emulator is running, but your 'firebase-admin' dependency is below version 9.3.0, so calls to Firebase Authentication will affect production. {"metadata":{"emulator":{"name":"functions"},"message":"The Firebase Authentication emulator is running, but your 'firebase-admin' dependency is below version 9.3.0, so calls to Firebase Authentication will affect production."}}
[debug] [2021-01-20T17:53:58.584Z] [runtime-status] [38343] auth.setJwtVerificationEnabled not available {"metadata":{"emulator":{"name":"functions"},"message":"[runtime-status] [38343] auth.setJwtVerificationEnabled not available"}}
[debug] [2021-01-20T17:53:59.641Z] addAuthTrigger {"eventTrigger":{"resource":"projects/retro-dev-786","eventType":"providers/firebase.auth/eventTypes/user.create","service":"firebaseauth.googleapis.com"}}
[info] ✔  functions[createMailjetContact]: auth function initialized. {"metadata":{"emulator":{"name":"functions"},"message":"\u001b[1mauth\u001b[22m function initialized."}}
[debug] [2021-01-20T17:53:59.641Z] addAuthTrigger {"eventTrigger":{"resource":"projects/retro-dev-786","eventType":"providers/firebase.auth/eventTypes/user.create","service":"firebaseauth.googleapis.com"}}
[info] ✔  functions[createUser]: auth function initialized. {"metadata":{"emulator":{"name":"functions"},"message":"\u001b[1mauth\u001b[22m function initialized."}}
[info] ✔  functions[createStripeBillingPortalSession]: http function initialized (http://localhost:5001/retro-dev-786/us-central1/createStripeBillingPortalSession). {"metadata":{"emulator":{"name":"functions"},"message":"\u001b[1mhttp\u001b[22m function initialized (http://localhost:5001/retro-dev-786/us-central1/createStripeBillingPortalSession)."}}
[debug] [2021-01-20T17:53:59.642Z] addFirestoreTrigger "{\"eventTrigger\":{\"resource\":\"projects/retro-dev-786/databases/(default)/documents/workspace/{workspaceId}\",\"eventType\":\"providers/cloud.firestore/eventTypes/document.create\",\"service\":\"firestore.googleapis.com\"}}"
[debug] [2021-01-20T17:53:59.642Z] >>> HTTP REQUEST PUT http://localhost:8080/emulator/v1/projects/retro-dev-786/triggers/addWorkspaceToAirtable-0  
 {"eventTrigger":{"resource":"projects/retro-dev-786/databases/(default)/documents/workspace/{workspaceId}","eventType":"providers/cloud.firestore/eventTypes/document.create","service":"firestore.googleapis.com"}}
[debug] [2021-01-20T17:53:59.644Z] [worker-~diagnostic~-321077f9-fa4a-4022-9264-4641be05eef9]: IDLE {"metadata":{"emulator":{"name":"functions"},"message":"[worker-~diagnostic~-321077f9-fa4a-4022-9264-4641be05eef9]: IDLE"}}
[debug] [2021-01-20T17:53:59.677Z] Jan 20, 2021 12:53:59 PM io.gapi.emulators.netty.HttpVersionRoutingHandler channelRead
INFO: Detected non-HTTP/2 connection.
 {"metadata":{"emulator":{"name":"firestore"},"message":"Jan 20, 2021 12:53:59 PM io.gapi.emulators.netty.HttpVersionRoutingHandler channelRead\nINFO: Detected non-HTTP/2 connection.\n"}}
[debug] [2021-01-20T17:53:59.855Z] Jan 20, 2021 12:53:59 PM io.gapi.emulators.netty.HttpVersionRoutingHandler channelRead
INFO: Detected HTTP/2 connection.
 {"metadata":{"emulator":{"name":"firestore"},"message":"Jan 20, 2021 12:53:59 PM io.gapi.emulators.netty.HttpVersionRoutingHandler channelRead\nINFO: Detected HTTP/2 connection.\n"}}
[debug] [2021-01-20T17:54:00.360Z] <<< HTTP RESPONSE 200 {"content-type":"application/json","content-length":"4"}
[info] ✔  functions[addWorkspaceToAirtable]: firestore function initialized. {"metadata":{"emulator":{"name":"functions"},"message":"\u001b[1mfirestore\u001b[22m function initialized."}}
[debug] [2021-01-20T17:54:00.361Z] addFirestoreTrigger "{\"eventTrigger\":{\"resource\":\"projects/retro-dev-786/databases/(default)/documents/workspace/{workspaceId}\",\"eventType\":\"providers/cloud.firestore/eventTypes/document.create\",\"service\":\"firestore.googleapis.com\"}}"
[debug] [2021-01-20T17:54:00.361Z] >>> HTTP REQUEST PUT http://localhost:8080/emulator/v1/projects/retro-dev-786/triggers/alertWorkspaceCreated-0  
 {"eventTrigger":{"resource":"projects/retro-dev-786/databases/(default)/documents/workspace/{workspaceId}","eventType":"providers/cloud.firestore/eventTypes/document.create","service":"firestore.googleapis.com"}}
[debug] [2021-01-20T17:54:00.374Z] Jan 20, 2021 12:54:00 PM io.gapi.emulators.netty.HttpVersionRoutingHandler channelRead
INFO: Detected non-HTTP/2 connection.
 {"metadata":{"emulator":{"name":"firestore"},"message":"Jan 20, 2021 12:54:00 PM io.gapi.emulators.netty.HttpVersionRoutingHandler channelRead\nINFO: Detected non-HTTP/2 connection.\n"}}
[debug] [2021-01-20T17:54:00.382Z] <<< HTTP RESPONSE 200 {"content-type":"application/json","content-length":"4"}
[info] ✔  functions[alertWorkspaceCreated]: firestore function initialized. {"metadata":{"emulator":{"name":"functions"},"message":"\u001b[1mfirestore\u001b[22m function initialized."}}
[debug] [2021-01-20T17:54:00.382Z] addFirestoreTrigger "{\"eventTrigger\":{\"resource\":\"projects/retro-dev-786/databases/(default)/documents/workspace/{workspaceId}\",\"eventType\":\"providers/cloud.firestore/eventTypes/document.create\",\"service\":\"firestore.googleapis.com\"}}"
[debug] [2021-01-20T17:54:00.382Z] >>> HTTP REQUEST PUT http://localhost:8080/emulator/v1/projects/retro-dev-786/triggers/createStripeCustomerSubscription-0  
 {"eventTrigger":{"resource":"projects/retro-dev-786/databases/(default)/documents/workspace/{workspaceId}","eventType":"providers/cloud.firestore/eventTypes/document.create","service":"firestore.googleapis.com"}}
[debug] [2021-01-20T17:54:00.395Z] Jan 20, 2021 12:54:00 PM io.gapi.emulators.netty.HttpVersionRoutingHandler channelRead
INFO: Detected non-HTTP/2 connection.
 {"metadata":{"emulator":{"name":"firestore"},"message":"Jan 20, 2021 12:54:00 PM io.gapi.emulators.netty.HttpVersionRoutingHandler channelRead\nINFO: Detected non-HTTP/2 connection.\n"}}
[debug] [2021-01-20T17:54:00.402Z] <<< HTTP RESPONSE 200 {"content-type":"application/json","content-length":"4"}
[info] ✔  functions[createStripeCustomerSubscription]: firestore function initialized. {"metadata":{"emulator":{"name":"functions"},"message":"\u001b[1mfirestore\u001b[22m function initialized."}}
[debug] [2021-01-20T17:54:00.402Z] addFirestoreTrigger "{\"eventTrigger\":{\"resource\":\"projects/retro-dev-786/databases/(default)/documents/workspaceInvite/{workspaceId}\",\"eventType\":\"providers/cloud.firestore/eventTypes/document.create\",\"service\":\"firestore.googleapis.com\"}}"
[debug] [2021-01-20T17:54:00.402Z] >>> HTTP REQUEST PUT http://localhost:8080/emulator/v1/projects/retro-dev-786/triggers/sendInvitationEmail-0  
 {"eventTrigger":{"resource":"projects/retro-dev-786/databases/(default)/documents/workspaceInvite/{workspaceId}","eventType":"providers/cloud.firestore/eventTypes/document.create","service":"firestore.googleapis.com"}}
[debug] [2021-01-20T17:54:00.416Z] Jan 20, 2021 12:54:00 PM io.gapi.emulators.netty.HttpVersionRoutingHandler channelRead
INFO: Detected non-HTTP/2 connection.
 {"metadata":{"emulator":{"name":"firestore"},"message":"Jan 20, 2021 12:54:00 PM io.gapi.emulators.netty.HttpVersionRoutingHandler channelRead\nINFO: Detected non-HTTP/2 connection.\n"}}
[debug] [2021-01-20T17:54:00.423Z] <<< HTTP RESPONSE 200 {"content-type":"application/json","content-length":"4"}
[info] ✔  functions[sendInvitationEmail]: firestore function initialized. {"metadata":{"emulator":{"name":"functions"},"message":"\u001b[1mfirestore\u001b[22m function initialized."}}
[info] 
┌─────────────────────────────────────────────────────────────┐
│ ✔  All emulators ready! It is now safe to connect your app. │
│ i  View Emulator UI at http://localhost:4000                │
└─────────────────────────────────────────────────────────────┘

┌────────────────┬────────────────┬─────────────────────────────────┐
│ Emulator       │ Host:Port      │ View in Emulator UI             │
├────────────────┼────────────────┼─────────────────────────────────┤
│ Authentication │ localhost:9099 │ http://localhost:4000/auth      │
├────────────────┼────────────────┼─────────────────────────────────┤
│ Functions      │ localhost:5001 │ http://localhost:4000/functions │
├────────────────┼────────────────┼─────────────────────────────────┤
│ Firestore      │ localhost:8080 │ http://localhost:4000/firestore │
├────────────────┼────────────────┼─────────────────────────────────┤
│ Hosting        │ localhost:5000 │ n/a                             │
└────────────────┴────────────────┴─────────────────────────────────┘
  Emulator Hub running at localhost:4400
  Other reserved ports: 4500

Issues? Report them at https://github.com/firebase/firebase-tools/issues and attach the *-debug.log files.
 
[debug] [2021-01-21T02:55:40.715Z] Received signal SIGHUP 1
